e:\users\55819\source\repos\vk\x64\debug\vk.pch
e:\users\55819\source\repos\vk\x64\debug\vc142.pdb
e:\users\55819\source\repos\vk\x64\debug\vc142.idb
e:\users\55819\source\repos\vk\x64\debug\pch.obj
e:\users\55819\source\repos\vk\x64\debug\dllmain.obj
e:\users\55819\source\repos\vk\x64\debug\vkkinectsensor.obj
e:\users\55819\source\repos\vk\x64\debug\vkkinect.obj
e:\users\55819\source\repos\vk\x64\debug\vkcolorframesource.obj
e:\users\55819\source\repos\vk\x64\debug\vkcolorframereader.obj
e:\users\55819\source\repos\vk\x64\debug\vkcolorframe.obj
e:\users\55819\source\repos\vk\x64\debug\vkbodyframesource.obj
e:\users\55819\source\repos\vk\x64\debug\vkbodyframereader.obj
e:\users\55819\source\repos\vk\x64\debug\vkbodyframe.obj
e:\users\55819\source\repos\vk\x64\debug\vkbody.obj
e:\users\55819\source\repos\vk\x64\debug\vk.ilk
e:\users\55819\source\repos\vk\x64\debug\vk.dll
e:\users\55819\source\repos\vk\x64\debug\vk.pdb
e:\users\55819\source\repos\vk\x64\debug\vk.lib
e:\users\55819\source\repos\vk\x64\debug\vk.exp
e:\users\55819\source\repos\vk\x64\debug\vk.tlog\cl.command.1.tlog
e:\users\55819\source\repos\vk\x64\debug\vk.tlog\cl.read.1.tlog
e:\users\55819\source\repos\vk\x64\debug\vk.tlog\cl.write.1.tlog
e:\users\55819\source\repos\vk\x64\debug\vk.tlog\link.command.1.tlog
e:\users\55819\source\repos\vk\x64\debug\vk.tlog\link.delete.1.tlog
e:\users\55819\source\repos\vk\x64\debug\vk.tlog\link.read.1.tlog
e:\users\55819\source\repos\vk\x64\debug\vk.tlog\link.write.1.tlog
e:\users\55819\source\repos\vk\x64\debug\vk.tlog\vk.write.1u.tlog
