e:\users\55819\source\repos\vk\x64\release\vk.pch
e:\users\55819\source\repos\vk\x64\release\vc142.pdb
e:\users\55819\source\repos\vk\x64\release\pch.obj
e:\users\55819\source\repos\vk\x64\release\vkkinectsensor.obj
e:\users\55819\source\repos\vk\x64\release\vkkinect.obj
e:\users\55819\source\repos\vk\x64\release\vkcolorframesource.obj
e:\users\55819\source\repos\vk\x64\release\vkcolorframereader.obj
e:\users\55819\source\repos\vk\x64\release\vkcolorframe.obj
e:\users\55819\source\repos\vk\x64\release\vkbodyframesource.obj
e:\users\55819\source\repos\vk\x64\release\vkbodyframereader.obj
e:\users\55819\source\repos\vk\x64\release\vkbodyframe.obj
e:\users\55819\source\repos\vk\x64\release\vkbody.obj
e:\users\55819\source\repos\vk\x64\release\dllmain.obj
e:\users\55819\source\repos\vk\x64\release\vk.dll
e:\users\55819\source\repos\vk\x64\release\vk.pdb
e:\users\55819\source\repos\vk\x64\release\vk.lib
e:\users\55819\source\repos\vk\x64\release\vk.exp
e:\users\55819\source\repos\vk\x64\release\vk.ipdb
e:\users\55819\source\repos\vk\x64\release\vk.iobj
e:\users\55819\source\repos\vk\x64\release\vk.tlog\cl.command.1.tlog
e:\users\55819\source\repos\vk\x64\release\vk.tlog\cl.read.1.tlog
e:\users\55819\source\repos\vk\x64\release\vk.tlog\cl.write.1.tlog
e:\users\55819\source\repos\vk\x64\release\vk.tlog\link.command.1.tlog
e:\users\55819\source\repos\vk\x64\release\vk.tlog\link.read.1.tlog
e:\users\55819\source\repos\vk\x64\release\vk.tlog\link.write.1.tlog
e:\users\55819\source\repos\vk\x64\release\vk.tlog\vk.write.1u.tlog
